<?xml version="1.0" encoding="UTF-8"?>
<!-- Generated by org.testng.reporters.JUnitReportReporter -->
<testsuite hostname="DESKTOP-A2H5HF5" failures="0" tests="7" name="testCases.RegistrationTest" time="84.041" errors="0" timestamp="2025-07-08T21:08:28 IST" skipped="0">
  <testcase classname="testCases.RegistrationTest" name="registrationInvalidData" time="12.866"/>
  <testcase classname="testCases.RegistrationTest" name="registrationValidData" time="11.614"/>
  <testcase classname="testCases.RegistrationTest" name="registrationInvalidData" time="10.564"/>
  <testcase classname="testCases.RegistrationTest" name="registrationInvalidData" time="9.581"/>
  <testcase classname="testCases.RegistrationTest" name="registrationValidData" time="14.716"/>
  <testcase classname="testCases.RegistrationTest" name="registrationInvalidData" time="13.286"/>
  <testcase classname="testCases.RegistrationTest" name="registrationValidData" time="11.414"/>
</testsuite> <!-- testCases.RegistrationTest -->
