<?xml version="1.0" encoding="UTF-8"?>
<!-- Generated by org.testng.reporters.JUnitReportReporter -->
<testsuite hostname="DESKTOP-A2H5HF5" failures="0" tests="2" name="testCases.LoginTest" time="15.974" errors="0" timestamp="2025-07-09T13:11:58 IST" skipped="0">
  <testcase classname="testCases.LoginTest" name="login" time="10.237"/>
  <testcase classname="testCases.LoginTest" name="login" time="5.737"/>
</testsuite> <!-- testCases.LoginTest -->
