<?xml version="1.0" encoding="UTF-8"?>
<!-- Generated by org.testng.reporters.JUnitReportReporter -->
<testsuite hostname="DESKTOP-A2H5HF5" failures="0" tests="3" name="Suyash.Astrojini.ui.login" time="17.578" errors="0" timestamp="2025-06-29T18:45:06 IST" skipped="0">
  <testcase classname="Suyash.Astrojini.ui.login" name="login" time="4.730"/>
  <testcase classname="Suyash.Astrojini.ui.login" name="login" time="7.233"/>
  <testcase classname="Suyash.Astrojini.ui.login" name="login" time="5.615"/>
</testsuite> <!-- Suyash.Astrojini.ui.login -->
